[    3593ms] [ERROR] Creating a TrustedTypePolicy named 'goog#html' violates the following Content Security Policy directive because a TrustedTypePolicy with that name already exists and the directive does not contain'allow-duplicates': "trusted-types *". The action has been blocked. @ https://www.googletagmanager.com/gtag/js?id=AW-1030214605&cx=c&gtm=4e63b1:218
[    4374ms] [ERROR] Creating a TrustedTypePolicy named 'goog#html' violates the following Content Security Policy directive because a TrustedTypePolicy with that name already exists and the directive does not contain'allow-duplicates': "trusted-types *". The action has been blocked. @ https://www.googletagmanager.com/gtag/js?id=G-407QM081QG&cx=c&gtm=4e63b1:243
[    4498ms] [ERROR] Creating a TrustedTypePolicy named 'goog#html' violates the following Content Security Policy directive because a TrustedTypePolicy with that name already exists and the directive does not contain'allow-duplicates': "trusted-types *". The action has been blocked. @ https://www.googletagmanager.com/gtag/js?id=G-4218XDZV20&cx=c&gtm=4e63b1:290
[    4630ms] [ERROR] Failed to load resource: the server responded with a status of 403 () @ https://user.userguiding.com/sdk/identify:0
[    4701ms] [ERROR] Failed to load resource: the server responded with a status of 401 (Unauthorized) @ https://api.omappapi.com/v2/embed/180303?d=accounts-uat.easywebinar.com:0
[    4702ms] [ERROR] [OptinMonster] This account is not currently active. It is either expired, paused, archived, cancelled or temporarily suspended. @ https://a.omappapi.com/app/js/api.min.js:0
[    5037ms] [ERROR] Failed to load resource: the server responded with a status of 400 (Bad Request) @ https://api.trstplse.com/v1/account/10975/session:0
[    5044ms] XMLHttpRequest
[   37176ms] [ERROR] Error checking subscription: TypeError: Cannot read properties of undefined (reading '0')
    at https://accounts-uat.easywebinar.com/static/js/main.91ac0398.js:202:241021
    at ol (https://accounts-uat.easywebinar.com/static/js/main.91ac0398.js:2:257334)
    at zc (https://accounts-uat.easywebinar.com/static/js/main.91ac0398.js:2:277555)
    at sc (https://accounts-uat.easywebinar.com/static/js/main.91ac0398.js:2:269814)
    at _r (https://accounts-uat.easywebinar.com/static/js/main.91ac0398.js:2:210577)
    at https://accounts-uat.easywebinar.com/static/js/main.91ac0398.js:2:276351
    at gc (https://accounts-uat.easywebinar.com/static/js/main.91ac0398.js:2:276356)
    at nc (https://accounts-uat.easywebinar.com/static/js/main.91ac0398.js:2:268816)
    at O (https://accounts-uat.easywebinar.com/static/js/main.91ac0398.js:2:303065)
    at B (https://accounts-uat.easywebinar.com/static/js/main.91ac0398.js:2:303599) @ https://accounts-uat.easywebinar.com/static/js/main.91ac0398.js:201
[   54281ms] [ERROR] Failed to load resource: the server responded with a status of 403 (Forbidden) @ https://uat.easywebinar.com/v1/easywebinar/v1/get-running-live-webinar?domain_id=16202:0
